mode: set
github.com/lissymay/infopogoda.git/internal/adapters/weather/weather_info.go:38.67,44.2 1 1
github.com/lissymay/infopogoda.git/internal/adapters/weather/weather_info.go:46.64,60.16 6 1
github.com/lissymay/infopogoda.git/internal/adapters/weather/weather_info.go:60.16,63.3 2 0
github.com/lissymay/infopogoda.git/internal/adapters/weather/weather_info.go:64.2,67.16 3 1
github.com/lissymay/infopogoda.git/internal/adapters/weather/weather_info.go:67.16,70.3 2 0
github.com/lissymay/infopogoda.git/internal/adapters/weather/weather_info.go:72.2,72.56 1 1
github.com/lissymay/infopogoda.git/internal/adapters/weather/weather_info.go:72.56,75.3 2 0
github.com/lissymay/infopogoda.git/internal/adapters/weather/weather_info.go:77.2,80.21 3 1
github.com/lissymay/infopogoda.git/internal/adapters/weather/weather_info.go:80.21,82.3 1 1
github.com/lissymay/infopogoda.git/internal/adapters/weather/weather_info.go:84.2,84.12 1 1
github.com/lissymay/infopogoda.git/internal/adapters/weather/weather_info.go:87.74,90.21 2 1
github.com/lissymay/infopogoda.git/internal/adapters/weather/weather_info.go:90.21,91.53 1 1
github.com/lissymay/infopogoda.git/internal/adapters/weather/weather_info.go:91.53,92.40 1 1
github.com/lissymay/infopogoda.git/internal/adapters/weather/weather_info.go:92.40,95.5 2 1
github.com/lissymay/infopogoda.git/internal/adapters/weather/weather_info.go:99.2,100.53 2 1
github.com/lissymay/infopogoda.git/internal/adapters/weather/weather_info.go:100.53,103.3 2 0
github.com/lissymay/infopogoda.git/internal/adapters/weather/weather_info.go:105.2,105.47 1 1
github.com/lissymay/infopogoda.git/internal/pkg/cache/memory.go:13.33,14.23 1 1
github.com/lissymay/infopogoda.git/internal/pkg/cache/memory.go:14.23,16.3 1 0
github.com/lissymay/infopogoda.git/internal/pkg/cache/memory.go:17.2,17.45 1 1
github.com/lissymay/infopogoda.git/internal/pkg/cache/memory.go:26.60,36.2 3 1
github.com/lissymay/infopogoda.git/internal/pkg/cache/memory.go:38.59,43.12 4 1
github.com/lissymay/infopogoda.git/internal/pkg/cache/memory.go:43.12,45.3 1 1
github.com/lissymay/infopogoda.git/internal/pkg/cache/memory.go:47.2,47.22 1 1
github.com/lissymay/infopogoda.git/internal/pkg/cache/memory.go:47.22,50.3 2 1
github.com/lissymay/infopogoda.git/internal/pkg/cache/memory.go:52.2,52.25 1 1
github.com/lissymay/infopogoda.git/internal/pkg/cache/memory.go:55.77,60.14 4 1
github.com/lissymay/infopogoda.git/internal/pkg/cache/memory.go:60.14,62.3 1 1
github.com/lissymay/infopogoda.git/internal/pkg/cache/memory.go:64.2,64.13 1 1
github.com/lissymay/infopogoda.git/internal/pkg/cache/memory.go:64.13,66.3 1 1
github.com/lissymay/infopogoda.git/internal/pkg/cache/memory.go:68.2,71.3 1 1
github.com/lissymay/infopogoda.git/internal/pkg/cache/memory.go:74.42,78.2 3 1
github.com/lissymay/infopogoda.git/internal/pkg/cache/memory.go:80.31,84.2 3 1
github.com/lissymay/infopogoda.git/internal/pkg/cache/memory.go:87.33,89.21 2 1
github.com/lissymay/infopogoda.git/internal/pkg/cache/memory.go:89.21,91.34 2 0
github.com/lissymay/infopogoda.git/internal/pkg/cache/memory.go:91.34,92.24 1 0
github.com/lissymay/infopogoda.git/internal/pkg/cache/memory.go:92.24,94.5 1 0
github.com/lissymay/infopogoda.git/internal/pkg/cache/memory.go:96.3,96.16 1 0
github.com/lissymay/infopogoda.git/internal/pkg/cache/redis.go:18.91,27.47 3 0
github.com/lissymay/infopogoda.git/internal/pkg/cache/redis.go:27.47,29.3 1 0
github.com/lissymay/infopogoda.git/internal/pkg/cache/redis.go:31.2,35.8 1 0
github.com/lissymay/infopogoda.git/internal/pkg/cache/redis.go:38.58,40.16 2 0
github.com/lissymay/infopogoda.git/internal/pkg/cache/redis.go:40.16,42.3 1 0
github.com/lissymay/infopogoda.git/internal/pkg/cache/redis.go:45.2,46.59 2 0
github.com/lissymay/infopogoda.git/internal/pkg/cache/redis.go:46.59,48.3 1 0
github.com/lissymay/infopogoda.git/internal/pkg/cache/redis.go:51.2,52.61 2 0
github.com/lissymay/infopogoda.git/internal/pkg/cache/redis.go:52.61,53.44 1 0
github.com/lissymay/infopogoda.git/internal/pkg/cache/redis.go:53.44,54.33 1 0
github.com/lissymay/infopogoda.git/internal/pkg/cache/redis.go:54.33,56.5 1 0
github.com/lissymay/infopogoda.git/internal/pkg/cache/redis.go:60.2,60.19 1 0
github.com/lissymay/infopogoda.git/internal/pkg/cache/redis.go:63.76,64.14 1 0
github.com/lissymay/infopogoda.git/internal/pkg/cache/redis.go:64.14,66.3 1 0
github.com/lissymay/infopogoda.git/internal/pkg/cache/redis.go:68.2,69.16 2 0
github.com/lissymay/infopogoda.git/internal/pkg/cache/redis.go:69.16,71.3 1 0
github.com/lissymay/infopogoda.git/internal/pkg/cache/redis.go:73.2,73.37 1 0
github.com/lissymay/infopogoda.git/internal/pkg/cache/redis.go:76.41,78.2 1 0
github.com/lissymay/infopogoda.git/internal/pkg/cache/redis.go:80.30,82.23 2 0
github.com/lissymay/infopogoda.git/internal/pkg/cache/redis.go:82.23,84.3 1 0
github.com/lissymay/infopogoda.git/internal/pkg/cache/redis.go:87.36,89.2 1 0
github.com/lissymay/infopogoda.git/pkg/config/config.go:37.41,39.54 2 1
github.com/lissymay/infopogoda.git/pkg/config/config.go:39.54,41.3 1 1
github.com/lissymay/infopogoda.git/pkg/config/config.go:42.2,42.17 1 1
github.com/lissymay/infopogoda.git/internal/pkg/app/cli/app.go:27.63,33.2 1 1
github.com/lissymay/infopogoda.git/internal/pkg/app/cli/app.go:35.30,55.2 10 1
github.com/lissymay/infopogoda.git/cmd/linux/cli/main.go:15.13,21.16 3 0
github.com/lissymay/infopogoda.git/cmd/linux/cli/main.go:21.16,22.13 1 0
github.com/lissymay/infopogoda.git/cmd/linux/cli/main.go:26.2,27.16 2 0
github.com/lissymay/infopogoda.git/cmd/linux/cli/main.go:27.16,28.13 1 0
github.com/lissymay/infopogoda.git/cmd/linux/cli/main.go:31.2,37.18 4 0
github.com/lissymay/infopogoda.git/cmd/linux/cli/main.go:38.16,40.60 2 0
github.com/lissymay/infopogoda.git/cmd/linux/cli/main.go:41.15,43.17 2 0
github.com/lissymay/infopogoda.git/cmd/linux/cli/main.go:43.17,47.4 3 0
github.com/lissymay/infopogoda.git/cmd/linux/cli/main.go:47.9,51.4 3 0
github.com/lissymay/infopogoda.git/cmd/linux/cli/main.go:52.10,54.87 2 0
github.com/lissymay/infopogoda.git/cmd/linux/cli/main.go:57.2,62.16 4 0
github.com/lissymay/infopogoda.git/cmd/linux/cli/main.go:62.16,65.3 2 0
github.com/lissymay/infopogoda.git/cmd/linux/cli/main.go:67.2,68.12 2 0
github.com/lissymay/infopogoda.git/cmd/linux/cli/main.go:71.111,73.18 2 0
github.com/lissymay/infopogoda.git/cmd/linux/cli/main.go:74.20,75.42 1 0
github.com/lissymay/infopogoda.git/cmd/linux/cli/main.go:76.10,77.42 1 0
github.com/lissymay/infopogoda.git/cmd/linux/cli/main.go:79.2,79.11 1 0
github.com/lissymay/infopogoda.git/internal/pkg/flags/flag.go:9.21,16.2 3 0
github.com/lissymay/infopogoda.git/pkg/logger/logger.go:13.26,15.2 1 0
github.com/lissymay/infopogoda.git/pkg/logger/logger.go:17.41,19.2 1 0
github.com/lissymay/infopogoda.git/pkg/logger/logger.go:21.42,23.2 1 0
github.com/lissymay/infopogoda.git/pkg/logger/logger.go:25.42,27.2 1 0
